[0m09:57:20.825614 [debug] [MainThread]: Sending event: {'category': 'dbt', 'action': 'invocation', 'label': 'start', 'context': [<snowplow_tracker.self_describing_json.SelfDescribingJson object at 0x7b5db4890470>, <snowplow_tracker.self_describing_json.SelfDescribingJson object at 0x7b5db45cb1d0>, <snowplow_tracker.self_describing_json.SelfDescribingJson object at 0x7b5db45cb4d0>]}


============================== 09:57:20.829999 | 67b8528c-570f-43a8-9175-2c29dad84632 ==============================
[0m09:57:20.829999 [info ] [MainThread]: Running with dbt=1.8.9
[0m09:57:20.830757 [debug] [MainThread]: running dbt with arguments {'printer_width': '80', 'indirect_selection': 'eager', 'write_json': 'True', 'log_cache_events': 'False', 'partial_parse': 'True', 'cache_selected_only': 'False', 'profiles_dir': '/home/codespace/.dbt', 'version_check': 'True', 'debug': 'False', 'log_path': 'logs', 'warn_error': 'None', 'fail_fast': 'False', 'use_colors': 'True', 'use_experimental_parser': 'False', 'empty': 'None', 'quiet': 'False', 'no_print': 'None', 'warn_error_options': 'WarnErrorOptions(include=[], exclude=[])', 'static_parser': 'True', 'invocation_command': 'dbt init your_project_name', 'log_format': 'default', 'target_path': 'None', 'introspect': 'True', 'send_anonymous_usage_stats': 'True'}
[0m09:57:20.839148 [warn ] [MainThread]: [ConfigFolderDirectory]: Unable to parse logging event dictionary. Failed to parse dir field: expected string or bytes-like object, got 'PosixPath'.. Dictionary: {'dir': PosixPath('/home/codespace/.dbt')}
[0m09:57:20.839708 [info ] [MainThread]: Creating dbt configuration folder at 
[0m09:57:20.841090 [debug] [MainThread]: Starter project path: /usr/local/python/3.12.1/lib/python3.12/site-packages/dbt/include/starter_project
[0m09:57:20.844753 [info ] [MainThread]: 
Your new dbt project "your_project_name" was created!

For more information on how to configure the profiles.yml file,
please consult the dbt documentation here:

  https://docs.getdbt.com/docs/configure-your-profile

One more thing:

Need help? Don't hesitate to reach out to us via GitHub issues or on Slack:

  https://community.getdbt.com/

Happy modeling!

[0m09:57:20.845372 [info ] [MainThread]: Setting up your profile.
[0m09:59:26.749816 [info ] [MainThread]: Profile your_project_name written to /home/codespace/.dbt/profiles.yml using target's profile_template.yml and your supplied values. Run 'dbt debug' to validate the connection.
[0m09:59:26.751983 [debug] [MainThread]: Resource report: {"command_name": "init", "command_success": true, "command_wall_clock_time": 126.03588, "process_in_blocks": "98264", "process_kernel_time": 0.325755, "process_mem_max_rss": "151636", "process_out_blocks": "80", "process_user_time": 1.878872}
[0m09:59:26.752755 [debug] [MainThread]: Command `dbt init` succeeded at 09:59:26.752576 after 126.04 seconds
[0m09:59:26.753258 [debug] [MainThread]: Sending event: {'category': 'dbt', 'action': 'invocation', 'label': 'end', 'context': [<snowplow_tracker.self_describing_json.SelfDescribingJson object at 0x7b5db3ca6870>, <snowplow_tracker.self_describing_json.SelfDescribingJson object at 0x7b5db3a85c40>, <snowplow_tracker.self_describing_json.SelfDescribingJson object at 0x7b5dab46a6c0>]}
[0m09:59:26.753824 [debug] [MainThread]: Flushing usage events
[0m12:41:21.575942 [debug] [MainThread]: Sending event: {'category': 'dbt', 'action': 'invocation', 'label': 'start', 'context': [<snowplow_tracker.self_describing_json.SelfDescribingJson object at 0x71ab957ad670>, <snowplow_tracker.self_describing_json.SelfDescribingJson object at 0x71ab96317b90>, <snowplow_tracker.self_describing_json.SelfDescribingJson object at 0x71ab95d76060>]}


============================== 12:41:21.582532 | 59cf5f1a-d343-4268-a4a8-8f329df9a876 ==============================
[0m12:41:21.582532 [info ] [MainThread]: Running with dbt=1.8.9
[0m12:41:21.583628 [debug] [MainThread]: running dbt with arguments {'printer_width': '80', 'indirect_selection': 'eager', 'log_cache_events': 'False', 'write_json': 'True', 'partial_parse': 'True', 'cache_selected_only': 'False', 'profiles_dir': '.', 'version_check': 'True', 'debug': 'False', 'log_path': 'logs', 'fail_fast': 'False', 'warn_error': 'None', 'use_colors': 'True', 'use_experimental_parser': 'False', 'no_print': 'None', 'quiet': 'False', 'empty': 'None', 'log_format': 'default', 'introspect': 'True', 'invocation_command': 'dbt debug --profiles-dir .', 'static_parser': 'True', 'target_path': 'None', 'warn_error_options': 'WarnErrorOptions(include=[], exclude=[])', 'send_anonymous_usage_stats': 'True'}
[0m12:41:21.598563 [info ] [MainThread]: dbt version: 1.8.9
[0m12:41:21.599165 [info ] [MainThread]: python version: 3.12.1
[0m12:41:21.599685 [info ] [MainThread]: python path: /usr/local/python/3.12.1/bin/python3
[0m12:41:21.600189 [info ] [MainThread]: os info: Linux-6.5.0-1025-azure-x86_64-with-glibc2.31
[0m12:41:21.600702 [info ] [MainThread]: Using profiles dir at .
[0m12:41:21.601188 [info ] [MainThread]: Using profiles.yml file at ./profiles.yml
[0m12:41:21.601681 [info ] [MainThread]: Using dbt_project.yml file at /workspaces/dbt-instagram-data/dbt_project.yml
[0m12:41:21.602217 [info ] [MainThread]: Configuration:
[0m12:41:21.602697 [info ] [MainThread]:   profiles.yml file [[31mERROR not found[0m]
[0m12:41:21.603192 [info ] [MainThread]:   dbt_project.yml file [[31mERROR not found[0m]
[0m12:41:21.603755 [info ] [MainThread]: Required dependencies:
[0m12:41:21.604506 [debug] [MainThread]: Executing "git --help"
[0m12:41:21.607440 [debug] [MainThread]: STDOUT: "b"usage: git [-v | --version] [-h | --help] [-C <path>] [-c <name>=<value>]\n           [--exec-path[=<path>]] [--html-path] [--man-path] [--info-path]\n           [-p | --paginate | -P | --no-pager] [--no-replace-objects] [--no-lazy-fetch]\n           [--no-optional-locks] [--no-advice] [--bare] [--git-dir=<path>]\n           [--work-tree=<path>] [--namespace=<name>] [--config-env=<name>=<envvar>]\n           <command> [<args>]\n\nThese are common Git commands used in various situations:\n\nstart a working area (see also: git help tutorial)\n   clone     Clone a repository into a new directory\n   init      Create an empty Git repository or reinitialize an existing one\n\nwork on the current change (see also: git help everyday)\n   add       Add file contents to the index\n   mv        Move or rename a file, a directory, or a symlink\n   restore   Restore working tree files\n   rm        Remove files from the working tree and from the index\n\nexamine the history and state (see also: git help revisions)\n   bisect    Use binary search to find the commit that introduced a bug\n   diff      Show changes between commits, commit and working tree, etc\n   grep      Print lines matching a pattern\n   log       Show commit logs\n   show      Show various types of objects\n   status    Show the working tree status\n\ngrow, mark and tweak your common history\n   branch    List, create, or delete branches\n   commit    Record changes to the repository\n   merge     Join two or more development histories together\n   rebase    Reapply commits on top of another base tip\n   reset     Reset current HEAD to the specified state\n   switch    Switch branches\n   tag       Create, list, delete or verify a tag object signed with GPG\n\ncollaborate (see also: git help workflows)\n   fetch     Download objects and refs from another repository\n   pull      Fetch from and integrate with another repository or a local branch\n   push      Update remote refs along with associated objects\n\n'git help -a' and 'git help -g' list available subcommands and some\nconcept guides. See 'git help <command>' or 'git help <concept>'\nto read about a specific subcommand or concept.\nSee 'git help git' for an overview of the system.\n""
[0m12:41:21.607953 [debug] [MainThread]: STDERR: "b''"
[0m12:41:21.608389 [info ] [MainThread]:  - git [[32mOK found[0m]

[0m12:41:21.608897 [info ] [MainThread]: Connection test skipped since no profile was found
[0m12:41:21.609546 [info ] [MainThread]: [31m2 checks failed:[0m
[0m12:41:21.610073 [info ] [MainThread]: dbt looked for a profiles.yml file in ./profiles.yml, but did
not find one. For more information on configuring your profile, consult the
documentation:

https://docs.getdbt.com/docs/configure-your-profile


[0m12:41:21.610808 [info ] [MainThread]: Project loading failed for the following reason:
 project path </workspaces/dbt-instagram-data/dbt_project.yml> not found

[0m12:41:21.612998 [debug] [MainThread]: Resource report: {"command_name": "debug", "command_success": false, "command_wall_clock_time": 0.1150923, "process_in_blocks": "1544", "process_kernel_time": 0.117269, "process_mem_max_rss": "87024", "process_out_blocks": "24", "process_user_time": 1.399416}
[0m12:41:21.613656 [debug] [MainThread]: Command `dbt debug` failed at 12:41:21.613543 after 0.12 seconds
[0m12:41:21.614180 [debug] [MainThread]: Sending event: {'category': 'dbt', 'action': 'invocation', 'label': 'end', 'context': [<snowplow_tracker.self_describing_json.SelfDescribingJson object at 0x71ab95203260>, <snowplow_tracker.self_describing_json.SelfDescribingJson object at 0x71ab9505d880>, <snowplow_tracker.self_describing_json.SelfDescribingJson object at 0x71ab9522f350>]}
[0m12:41:21.614838 [debug] [MainThread]: Flushing usage events
